SF:lib\core\failure\failure.dart
DA:5,1
LF:1
LH:1
end_of_record
SF:lib\features\auth\domain\entity\auth_entity.dart
DA:10,0
DA:18,0
DA:19,0
DA:20,0
DA:21,0
DA:22,0
DA:23,0
DA:24,0
DA:28,0
DA:29,0
DA:30,0
DA:31,0
DA:32,0
DA:33,0
DA:34,0
LF:15
LH:0
end_of_record
SF:lib\features\auth\domain\usecases\auth_usecase.dart
DA:10,0
DA:11,0
DA:17,0
DA:19,0
DA:20,0
DA:23,0
DA:24,0
DA:27,0
DA:28,0
LF:9
LH:0
end_of_record
SF:lib\features\auth\presentation\viewmodel\auth_view_model.dart
DA:11,3
DA:23,2
DA:24,2
DA:25,0
DA:29,1
DA:30,1
DA:33,1
DA:34,1
DA:35,2
DA:36,1
DA:37,0
DA:38,0
DA:39,0
DA:41,0
DA:42,0
DA:43,0
DA:44,0
DA:49,1
DA:50,1
DA:51,2
DA:52,1
DA:53,1
DA:54,1
DA:55,2
DA:56,2
DA:58,1
DA:59,1
DA:60,1
DA:61,1
DA:62,1
DA:64,2
DA:70,0
DA:71,0
DA:74,0
DA:75,0
DA:78,0
DA:80,0
DA:81,0
DA:83,0
DA:86,0
DA:90,0
DA:92,0
DA:93,0
DA:94,0
DA:96,0
DA:99,0
DA:102,0
DA:106,0
DA:107,0
DA:108,0
DA:109,0
DA:110,0
DA:111,0
DA:112,0
DA:113,0
DA:115,0
DA:116,0
DA:117,0
DA:118,0
DA:119,0
DA:124,1
DA:125,1
DA:126,1
DA:129,1
DA:130,1
DA:131,1
DA:134,0
DA:135,0
DA:138,1
DA:140,2
DA:141,2
DA:142,1
DA:147,1
DA:148,2
DA:149,2
LF:75
LH:36
end_of_record
SF:lib\app\constants\api_endpoint.dart
DA:2,0
LF:1
LH:0
end_of_record
SF:lib\app\navigator_key\navigator_key.dart
DA:4,0
DA:6,0
LF:2
LH:0
end_of_record
SF:lib\core\common\my_snackbar.dart
DA:5,0
DA:9,0
DA:11,0
DA:12,0
DA:13,0
DA:14,0
LF:6
LH:0
end_of_record
SF:lib\core\networking\local\api_service.dart
DA:19,0
DA:21,0
DA:22,0
DA:23,0
DA:27,0
DA:30,0
DA:34,0
DA:35,0
DA:37,0
DA:38,0
DA:39,0
DA:40,0
DA:43,0
DA:46,0
DA:47,0
DA:52,1
DA:53,2
DA:55,2
DA:57,0
DA:58,0
DA:60,0
DA:61,0
DA:64,1
DA:69,0
DA:70,0
DA:71,0
DA:73,0
DA:75,0
DA:76,0
DA:78,0
DA:79,0
DA:82,0
DA:87,0
DA:88,0
DA:89,0
DA:90,0
DA:94,0
DA:102,0
DA:103,0
DA:108,0
DA:109,0
DA:111,0
DA:113,0
DA:114,0
DA:116,0
DA:117,0
DA:120,0
DA:125,0
DA:126,0
DA:127,0
DA:128,0
DA:133,0
DA:134,0
DA:136,0
DA:138,0
DA:139,0
DA:142,0
DA:143,0
DA:144,0
DA:146,0
DA:149,0
DA:150,0
DA:153,0
DA:162,0
DA:163,0
DA:164,0
DA:165,0
DA:166,0
DA:170,0
DA:171,0
DA:173,0
DA:177,0
DA:178,0
DA:179,0
DA:180,0
DA:182,0
DA:184,0
DA:185,0
LF:78
LH:4
end_of_record
SF:lib\features\book\data\model\booking_model.dart
DA:14,0
DA:23,0
DA:25,0
DA:26,0
DA:27,0
DA:28,0
DA:29,0
DA:30,0
DA:31,0
DA:35,0
DA:46,0
DA:54,0
DA:55,0
LF:13
LH:0
end_of_record
SF:lib\features\book\data\model\booking_model.g.dart
DA:9,0
DA:10,0
DA:12,0
DA:13,0
DA:14,0
DA:15,0
DA:16,0
DA:19,0
DA:20,0
DA:21,0
DA:22,0
DA:23,0
DA:24,0
DA:25,0
DA:28,0
DA:29,0
DA:30,0
DA:31,0
DA:32,0
DA:33,0
DA:36,0
DA:37,0
DA:38,0
DA:39,0
DA:40,0
DA:41,0
DA:42,0
LF:27
LH:0
end_of_record
SF:lib\features\home\presentation\data\dto\get_all_categories_dto.dart
DA:12,0
DA:18,0
DA:19,0
DA:21,0
LF:4
LH:0
end_of_record
SF:lib\features\home\presentation\data\dto\get_all_categories_dto.g.dart
DA:9,0
DA:10,0
DA:11,0
DA:12,0
DA:13,0
DA:14,0
DA:15,0
DA:18,0
DA:20,0
DA:21,0
DA:22,0
DA:23,0
LF:12
LH:0
end_of_record
SF:lib\features\home\presentation\data\model\venue_card.dart
DA:14,0
DA:22,0
DA:24,0
LF:3
LH:0
end_of_record
SF:lib\features\home\presentation\data\model\venue_card.g.dart
DA:9,0
DA:10,0
DA:11,0
DA:12,0
DA:13,0
DA:14,0
DA:17,0
DA:18,0
DA:19,0
DA:20,0
DA:21,0
DA:22,0
LF:12
LH:0
end_of_record
SF:lib\core\networking\remote\dio_error_interceptor.dart
DA:4,0
DA:6,0
DA:8,0
DA:9,0
DA:10,0
DA:11,0
DA:12,0
DA:13,0
DA:16,0
DA:17,0
DA:18,0
DA:20,0
DA:25,0
DA:26,0
DA:28,0
DA:31,0
LF:16
LH:0
end_of_record
SF:lib\core\networking\remote\http_service.dart
DA:8,0
DA:9,0
DA:15,0
DA:17,0
DA:18,0
DA:19,0
DA:20,0
DA:21,0
DA:22,0
DA:23,0
DA:25,0
LF:11
LH:0
end_of_record
SF:lib\core\shared_prefs\user_shared_prefs.dart
DA:7,0
DA:8,0
DA:14,0
DA:16,0
DA:17,0
DA:18,0
DA:20,0
DA:25,0
DA:27,0
DA:28,0
DA:29,0
DA:31,0
DA:36,0
DA:38,0
DA:39,0
DA:40,0
DA:42,0
LF:17
LH:0
end_of_record
SF:lib\features\auth\data\data_source\remote\auth_remote_data_source.dart
DA:15,0
DA:16,0
DA:17,0
DA:18,0
DA:19,0
DA:28,0
DA:34,0
DA:37,0
DA:39,0
DA:40,0
DA:41,0
DA:45,0
DA:46,0
DA:47,0
DA:49,0
DA:51,0
DA:54,0
DA:55,0
DA:56,0
DA:57,0
DA:62,0
DA:64,0
DA:66,0
DA:68,0
DA:71,0
DA:72,0
DA:73,0
DA:74,0
DA:78,0
DA:79,0
DA:80,0
DA:81,0
DA:82,0
DA:88,0
DA:90,0
DA:92,0
DA:97,0
DA:98,0
DA:100,0
DA:103,0
DA:104,0
DA:105,0
DA:106,0
DA:110,0
DA:111,0
DA:112,0
DA:113,0
DA:114,0
LF:48
LH:0
end_of_record
SF:lib\features\auth\data\model\auth_api_model.dart
DA:8,0
DA:21,0
DA:28,0
DA:35,0
DA:36,0
DA:38,0
DA:41,0
DA:42,0
DA:43,0
DA:44,0
DA:45,0
DA:46,0
DA:47,0
DA:50,0
DA:51,0
DA:52,0
DA:53,0
DA:54,0
DA:55,0
LF:19
LH:0
end_of_record
SF:lib\features\auth\data\model\auth_api_model.g.dart
DA:9,0
DA:10,0
DA:11,0
DA:12,0
DA:13,0
DA:14,0
DA:17,0
DA:18,0
DA:19,0
DA:20,0
DA:21,0
DA:22,0
DA:23,0
LF:13
LH:0
end_of_record
SF:lib\features\auth\data\repository\auth_remote_repository.dart
DA:10,0
DA:11,0
DA:12,0
DA:18,0
DA:20,0
DA:22,0
DA:25,0
DA:27,0
DA:30,0
DA:32,0
LF:10
LH:0
end_of_record
SF:lib\features\auth\domain\repository\auth_repository.dart
DA:10,0
DA:11,0
LF:2
LH:0
end_of_record
SF:lib\features\auth\presentation\view\login_view.dart
DA:8,1
DA:10,0
DA:11,0
DA:19,0
DA:21,0
DA:22,0
DA:23,0
DA:26,0
DA:28,0
DA:30,0
DA:31,0
DA:32,0
DA:33,0
DA:35,0
DA:38,0
DA:40,0
DA:42,0
DA:43,0
DA:44,0
DA:47,0
DA:48,0
DA:49,0
DA:50,0
DA:52,0
DA:54,0
DA:56,0
DA:59,0
DA:62,0
DA:64,0
DA:66,0
DA:68,0
DA:71,0
DA:90,0
DA:96,0
DA:98,0
DA:99,0
DA:103,0
DA:105,0
DA:106,0
DA:107,0
DA:108,0
DA:109,0
DA:114,0
DA:115,0
DA:120,0
DA:121,0
DA:128,0
DA:129,0
DA:135,0
DA:136,0
DA:143,0
DA:144,0
DA:145,0
DA:146,0
DA:148,0
DA:149,0
DA:167,0
DA:173,0
DA:175,0
DA:176,0
DA:180,0
DA:182,0
DA:183,0
DA:186,0
DA:187,0
DA:188,0
DA:194,0
DA:202,0
DA:203,0
DA:206,0
DA:214,0
DA:216,0
DA:218,0
DA:219,0
DA:220,0
DA:222,0
DA:234,0
DA:235,0
DA:236,0
LF:79
LH:1
end_of_record
SF:lib\features\auth\presentation\view\register_view.dart
DA:11,2
DA:13,0
DA:14,0
DA:27,0
DA:29,0
DA:36,0
DA:38,0
DA:39,0
DA:49,0
DA:51,0
DA:52,0
DA:53,0
DA:55,0
DA:56,0
DA:57,0
DA:59,0
DA:60,0
DA:61,0
DA:63,0
DA:64,0
DA:69,0
DA:70,0
DA:71,0
DA:72,0
DA:73,0
DA:77,0
DA:78,0
DA:86,0
DA:87,0
DA:88,0
DA:92,0
DA:93,0
DA:103,0
DA:104,0
DA:108,0
DA:109,0
DA:112,0
DA:119,0
DA:120,0
DA:121,0
DA:122,0
DA:124,0
DA:125,0
DA:126,0
DA:128,0
DA:129,0
DA:130,0
DA:135,0
DA:136,0
DA:143,0
DA:144,0
DA:145,0
DA:146,0
DA:147,0
DA:148,0
DA:149,0
DA:150,0
DA:152,0
DA:156,0
DA:158,0
DA:162,0
DA:171,0
DA:172,0
DA:173,0
DA:180,0
DA:188,0
DA:189,0
DA:192,0
LF:68
LH:1
end_of_record
SF:lib\features\home\presentation\presentation\view\home_view.dart
DA:11,3
DA:13,1
DA:14,1
DA:27,1
DA:29,1
DA:30,3
DA:31,1
DA:34,1
DA:36,3
DA:37,2
DA:38,1
DA:41,0
DA:42,0
DA:43,0
DA:47,1
DA:48,2
DA:49,1
DA:52,1
DA:53,0
DA:54,0
DA:55,0
DA:56,0
DA:57,0
DA:58,0
DA:61,2
DA:62,2
DA:63,1
DA:68,0
DA:69,0
DA:70,0
DA:73,0
DA:74,0
DA:75,0
DA:76,0
DA:77,0
DA:78,0
DA:83,0
DA:84,0
DA:85,0
DA:86,0
DA:88,0
DA:89,0
DA:90,0
DA:91,0
DA:92,0
DA:93,0
DA:94,0
DA:96,0
DA:99,0
DA:100,0
DA:104,0
DA:105,0
DA:106,0
DA:107,0
DA:108,0
DA:109,0
DA:114,0
DA:115,0
DA:116,0
DA:117,0
DA:121,0
DA:122,0
DA:123,0
DA:124,0
DA:125,0
DA:130,1
DA:132,1
DA:133,1
DA:134,1
DA:135,1
DA:136,1
DA:137,1
DA:138,0
DA:148,2
DA:152,1
DA:153,3
DA:155,1
DA:156,1
DA:158,1
DA:159,1
DA:160,3
DA:161,0
DA:162,1
DA:165,1
DA:169,1
DA:170,1
DA:181,0
DA:183,0
DA:184,0
DA:190,0
DA:191,0
DA:192,0
DA:196,0
DA:200,0
DA:201,0
DA:202,0
DA:203,0
DA:204,0
DA:205,0
DA:207,0
DA:208,0
DA:209,0
DA:214,0
DA:215,0
DA:216,0
DA:217,0
DA:218,0
DA:219,0
DA:221,0
DA:223,0
DA:225,0
DA:226,0
DA:227,0
DA:228,0
DA:229,0
DA:233,0
DA:240,0
DA:247,0
DA:248,0
DA:257,0
DA:258,0
DA:264,0
DA:265,0
LF:123
LH:37
end_of_record
SF:lib\screen\dashboard_screen.dart
DA:8,1
DA:10,1
DA:11,1
DA:25,1
DA:27,1
DA:28,1
DA:30,1
DA:32,1
DA:33,1
DA:34,1
DA:39,0
DA:43,1
DA:44,1
DA:50,1
DA:51,1
DA:56,0
DA:57,0
DA:58,0
DA:66,1
DA:67,3
DA:68,1
DA:69,1
DA:72,1
DA:73,0
DA:74,0
DA:75,0
LF:26
LH:19
end_of_record
SF:lib\features\book\presentation\view\booking_view.dart
DA:6,0
DA:9,0
DA:10,0
DA:11,0
DA:12,0
DA:13,0
DA:15,0
DA:16,0
DA:17,0
DA:18,0
DA:21,0
DA:22,0
DA:25,0
DA:26,0
DA:29,0
DA:30,0
DA:31,0
DA:32,0
DA:33,0
DA:34,0
DA:35,0
LF:21
LH:0
end_of_record
SF:lib\features\book\presentation\viewmodel\booking_view_model.dart
DA:10,0
DA:11,0
DA:12,0
DA:14,0
DA:15,0
DA:16,0
DA:19,0
DA:21,0
DA:23,0
DA:24,0
LF:10
LH:0
end_of_record
SF:lib\features\home\presentation\presentation\view\category_detail_view.dart
DA:10,0
DA:12,0
DA:13,0
DA:22,0
DA:24,0
DA:25,0
DA:28,0
DA:30,0
DA:31,0
DA:32,0
DA:33,0
DA:36,0
DA:37,0
DA:38,0
DA:39,0
DA:44,0
DA:45,0
DA:46,0
DA:47,0
DA:48,0
DA:49,0
DA:52,0
DA:53,0
DA:54,0
DA:59,0
DA:60,0
DA:61,0
DA:69,0
DA:70,0
DA:74,0
DA:75,0
DA:81,0
DA:83,0
DA:84,0
DA:85,0
DA:87,0
DA:88,0
DA:95,0
DA:97,0
DA:98,0
DA:100,0
DA:104,0
DA:105,0
DA:116,0
DA:118,0
DA:119,0
DA:121,0
DA:123,0
DA:124,0
DA:125,0
DA:126,0
DA:127,0
DA:131,0
DA:147,0
DA:155,0
DA:156,0
DA:165,0
DA:166,0
DA:175,0
DA:176,0
DA:186,0
DA:187,0
DA:188,0
DA:189,0
DA:194,0
DA:195,0
DA:196,0
DA:198,0
DA:199,0
DA:200,0
DA:201,0
DA:207,0
DA:208,0
DA:209,0
DA:210,0
DA:215,0
DA:216,0
DA:227,0
DA:228,0
DA:229,0
DA:234,0
DA:235,0
DA:250,0
DA:251,0
DA:252,0
DA:254,0
DA:255,0
DA:259,0
DA:264,0
DA:265,0
LF:90
LH:0
end_of_record
SF:lib\screen\presentation\view\bottom_view\dashboard_view.dart
DA:14,0
DA:17,1
DA:19,0
DA:20,0
DA:31,0
DA:33,0
DA:34,0
DA:35,0
DA:36,0
DA:37,0
DA:38,0
DA:41,0
DA:42,0
DA:43,0
DA:45,0
DA:46,0
DA:47,0
DA:48,0
DA:49,0
DA:50,0
DA:55,0
DA:56,0
DA:57,0
DA:63,0
DA:65,0
DA:66,0
DA:68,0
DA:71,0
DA:72,0
DA:75,0
DA:76,0
DA:77,0
DA:78,0
DA:79,0
DA:81,0
DA:83,0
DA:88,0
DA:89,0
DA:91,0
DA:92,0
DA:95,0
DA:97,0
DA:99,0
DA:100,0
DA:101,0
DA:105,0
DA:114,0
DA:116,0
DA:118,0
DA:120,0
DA:121,0
DA:125,0
DA:126,0
DA:128,0
DA:130,0
DA:131,0
DA:132,0
DA:137,0
DA:138,0
DA:140,0
DA:141,0
DA:155,0
DA:156,0
DA:161,0
DA:162,0
DA:169,0
DA:170,0
DA:171,0
DA:172,0
DA:176,0
DA:177,0
DA:200,0
DA:204,0
DA:206,0
DA:207,0
DA:208,0
LF:76
LH:1
end_of_record
SF:lib\features\home\presentation\presentation\view\search_view.dart
DA:8,2
DA:10,0
DA:11,0
DA:21,0
DA:23,0
DA:24,0
DA:27,0
DA:28,0
DA:29,0
DA:32,0
DA:33,0
DA:34,0
DA:35,0
DA:38,0
DA:39,0
DA:40,0
DA:45,0
DA:46,0
DA:47,0
DA:48,0
DA:52,0
DA:53,0
DA:54,0
DA:55,0
DA:56,0
DA:57,0
DA:58,0
DA:59,0
DA:63,0
DA:65,0
DA:66,0
DA:67,0
DA:68,0
DA:69,0
DA:70,0
DA:71,0
DA:72,0
DA:79,0
DA:81,0
DA:86,0
DA:87,0
DA:89,0
DA:91,0
DA:93,0
DA:95,0
DA:96,0
DA:97,0
DA:107,0
DA:109,0
DA:113,0
DA:116,0
DA:117,0
DA:118,0
DA:119,0
DA:120,0
DA:124,0
DA:131,0
DA:137,0
DA:138,0
DA:139,0
DA:140,0
DA:142,0
DA:143,0
LF:63
LH:1
end_of_record
SF:lib\features\profile\presentation\view\profile_view.dart
DA:6,0
DA:7,0
DA:20,0
DA:21,0
DA:23,0
DA:24,0
DA:30,0
DA:31,0
DA:32,0
DA:33,0
DA:34,0
DA:36,0
DA:38,0
DA:39,0
DA:40,0
DA:42,0
DA:43,0
DA:44,0
DA:47,0
DA:50,0
DA:51,0
DA:52,0
DA:62,0
DA:64,0
DA:66,0
DA:67,0
DA:69,0
DA:71,0
DA:79,0
DA:80,0
DA:82,0
DA:83,0
DA:84,0
DA:85,0
DA:94,0
DA:95,0
DA:96,0
DA:97,0
DA:98,0
DA:99,0
DA:100,0
DA:102,0
DA:103,0
DA:105,0
DA:106,0
DA:108,0
DA:126,0
DA:131,0
DA:132,0
DA:133,0
DA:134,0
DA:136,0
DA:137,0
DA:138,0
DA:140,0
DA:141,0
DA:142,0
LF:57
LH:0
end_of_record
SF:lib\screen\checkout_screen.dart
DA:4,1
DA:6,0
DA:7,0
DA:11,0
LF:4
LH:1
end_of_record
SF:lib\screen\profile_screen.dart
DA:4,1
DA:6,0
DA:7,0
DA:11,0
LF:4
LH:1
end_of_record
SF:lib\screen\map_screen.dart
DA:4,2
DA:6,0
DA:7,0
DA:11,0
LF:4
LH:1
end_of_record
